<?xml version="1.0" encoding="UTF-8"?>
<!-- Generated by org.testng.reporters.JUnitReportReporter -->
<testsuite hostname="DESKTOP-123HNUC" failures="0" tests="1" name="com.testclasses.UpdateRepoName" time="2.993" errors="0" timestamp="2023-12-29T15:07:49 IST" skipped="0">
  <testcase classname="com.testclasses.UpdateRepoName" name="updateRequest" time="2.993"/>
  <system-out/>
</testsuite> <!-- com.testclasses.UpdateRepoName -->
