<?xml version="1.0" encoding="UTF-8"?>
<!-- Generated by org.testng.reporters.JUnitReportReporter -->
<testsuite hostname="DESKTOP-123HNUC" failures="0" tests="1" name="com.testclasses.CreateRepoTest" time="2.953" errors="0" timestamp="2023-12-29T16:05:03 IST" skipped="0">
  <testcase classname="com.testclasses.CreateRepoTest" name="createRepoTest" time="2.953"/>
  <system-out/>
</testsuite> <!-- com.testclasses.CreateRepoTest -->
