<?xml version="1.0" encoding="UTF-8"?>
<!-- Generated by org.testng.reporters.JUnitReportReporter -->
<testsuite hostname="DESKTOP-123HNUC" failures="0" tests="3" name="com.testclasses.GitHubRepoAutomation" time="4.913" errors="0" timestamp="2024-01-01T15:04:39 IST" skipped="0">
  <testcase classname="com.testclasses.GitHubRepoAutomation" name="createRepoTest" time="3.028"/>
  <system-out/>
  <testcase classname="com.testclasses.GitHubRepoAutomation" name="getRepos" time="0.525"/>
  <system-out/>
  <testcase classname="com.testclasses.GitHubRepoAutomation" name="updateAndDeleteRequest" time="1.360"/>
  <system-out/>
</testsuite> <!-- com.testclasses.GitHubRepoAutomation -->
