<?xml version="1.0" encoding="UTF-8"?>
<!-- Generated by org.testng.reporters.JUnitReportReporter -->
<testsuite hostname="DESKTOP-123HNUC" failures="0" tests="1" name="com.testclasses.GetRepo" time="2.291" errors="0" timestamp="2023-12-29T16:05:22 IST" skipped="0">
  <testcase classname="com.testclasses.GetRepo" name="getRepos" time="2.291"/>
  <system-out/>
</testsuite> <!-- com.testclasses.GetRepo -->
